service start ... 
[GIN-debug] [WARNING] Creating an Engine instance with the Logger and Recovery middleware already attached.

[GIN-debug] [WARNING] Running in "debug" mode. Switch to "release" mode in production.
 - using env:	export GIN_MODE=release
 - using code:	gin.SetMode(gin.ReleaseMode)

[GIN-debug] GET    /system/configs           --> main.main.func1 (3 handlers)
[GIN-debug] GET    /system/configs/*uri      --> main.main.func2 (3 handlers)
[GIN-debug] PUT    /system/configs/:name     --> main.main.func3 (3 handlers)
[GIN-debug] DELETE /system/configs/:name     --> main.main.func4 (3 handlers)
[GIN-debug] Listening and serving HTTP on 127.0.0.1:8000
[GIN] 2021/10/11 - 21:21:14 | 404 |            0s |       127.0.0.1 | GET      "/system"
[GIN] 2021/10/11 - 21:21:20 | 404 |            0s |       127.0.0.1 | GET      "/system/"
time="2021-10-13T18:17:29+08:00" level=info msg="service start ... "
time="2021-10-14T12:59:17+08:00" level=info msg="service start ... "
time="2021-10-14T12:59:17+08:00" level=warning msg="failed to load last"
time="2021-10-14T12:59:17+08:00" level=panic msg="failed to load default"
time="2021-10-14T12:59:25+08:00" level=info msg="service start ... "
time="2021-10-14T12:59:25+08:00" level=warning msg="failed to load last"
time="2021-10-14T12:59:25+08:00" level=panic msg="failed to load default"
time="2021-10-14T12:59:30+08:00" level=info msg="service start ... "
time="2021-10-14T12:59:30+08:00" level=warning msg="failed to load last"
time="2021-10-14T12:59:30+08:00" level=panic msg="failed to load default"
time="2021-10-14T12:59:36+08:00" level=info msg="service start ... "
time="2021-10-14T12:59:36+08:00" level=warning msg="failed to load last"
time="2021-10-14T12:59:36+08:00" level=panic msg="failed to load default"
time="2021-10-14T13:00:40+08:00" level=info msg="service start ... "
time="2021-10-14T13:00:40+08:00" level=warning msg="failed to load last"
