time="2021-10-13T18:36:44+08:00" level=info msg="service start ... "
time="2021-10-13T18:36:44+08:00" level=info msg="system cors on"
time="2021-10-13T18:36:44+08:00" level=info msg="ssd cors on"
time="2021-10-13T19:55:44+08:00" level=info msg="service start ... "
time="2021-10-13T19:55:44+08:00" level=info msg="system cors on"
time="2021-10-13T19:55:44+08:00" level=info msg="ssd cors on"
time="2021-10-13T19:57:19+08:00" level=trace msg="not exist"
time="2021-10-13T21:20:25+08:00" level=info msg="service start ... "
time="2021-10-13T21:20:25+08:00" level=warning msg="failed to load last"
time="2021-10-13T21:20:25+08:00" level=info msg="system cors on"
time="2021-10-13T21:20:25+08:00" level=info msg="ssd cors on"
time="2021-10-13T21:20:29+08:00" level=info msg="service start ... "
time="2021-10-13T21:20:29+08:00" level=warning msg="failed to load last"
time="2021-10-13T21:20:29+08:00" level=info msg="system cors on"
time="2021-10-13T21:20:29+08:00" level=info msg="ssd cors on"
time="2021-10-13T21:25:06+08:00" level=info msg="service start ... "
time="2021-10-13T21:25:06+08:00" level=warning msg="failed to load last"
time="2021-10-13T21:25:06+08:00" level=info msg="system cors on"
time="2021-10-13T21:25:06+08:00" level=info msg="ssd cors on"
time="2021-10-13T21:26:05+08:00" level=trace msg="not exist"
time="2021-10-13T22:38:22+08:00" level=info msg="service start ... "
time="2021-10-13T22:38:22+08:00" level=warning msg="failed to load last"
time="2021-10-13T22:38:22+08:00" level=info msg="system cors on"
time="2021-10-13T22:38:22+08:00" level=info msg="ssd cors on"
time="2021-10-13T22:42:25+08:00" level=info msg="service start ... "
time="2021-10-13T22:42:25+08:00" level=warning msg="failed to load last"
time="2021-10-13T22:42:25+08:00" level=info msg="system cors on"
time="2021-10-13T22:42:25+08:00" level=info msg="ssd cors on"
time="2021-10-13T22:44:14+08:00" level=info msg="service start ... "
time="2021-10-13T22:44:14+08:00" level=warning msg="failed to load last"
time="2021-10-13T22:44:14+08:00" level=info msg="system cors on"
time="2021-10-13T22:44:14+08:00" level=info msg="ssd cors on"
time="2021-10-13T22:50:59+08:00" level=info msg="service start ... "
time="2021-10-13T22:50:59+08:00" level=warning msg="failed to load last"
time="2021-10-13T22:50:59+08:00" level=info msg="system cors on"
time="2021-10-13T22:50:59+08:00" level=info msg="ssd cors on"
time="2021-10-13T22:53:17+08:00" level=info msg="service start ... "
time="2021-10-13T22:53:17+08:00" level=warning msg="failed to load last"
time="2021-10-13T22:53:17+08:00" level=info msg="system cors on"
time="2021-10-13T22:53:17+08:00" level=info msg="ssd cors on"
time="2021-10-13T22:54:00+08:00" level=info msg="service start ... "
time="2021-10-13T22:54:00+08:00" level=warning msg="failed to load last"
time="2021-10-13T22:54:00+08:00" level=info msg="system cors on"
time="2021-10-13T22:54:00+08:00" level=info msg="ssd cors on"
